2024-02-15 14:28:39.295 | INFO     | app.routes.biped:log_request_info:36 - Request: POST http://127.0.0.1:3000/api/biped_hq - 127.0.0.1 - Input data: {'tab': [[-1, -2, -3, -4, -5, -6, -7, -8, -9, -10], [-1, -2, -3, -4, -5, -6, -7, -8, -9, -10], [-1, -2, -3, -4, -5, -6, -7, -8, -9, -10]]}
2024-02-15 14:28:41.548 | Level 40 | flask.app:log_exception:828 - Exception on /api/biped_hq [POST]
Traceback (most recent call last):

  File "/opt/homebrew/Cellar/python@3.11/3.11.7_1/Frameworks/Python.framework/Versions/3.11/lib/python3.11/threading.py", line 1002, in _bootstrap
    self._bootstrap_inner()
    │    └ <function Thread._bootstrap_inner at 0x1029c1620>
    └ <Thread(Thread-1 (process_request_thread), started daemon 6151925760)>

  File "/opt/homebrew/Cellar/python@3.11/3.11.7_1/Frameworks/Python.framework/Versions/3.11/lib/python3.11/threading.py", line 1045, in _bootstrap_inner
    self.run()
    │    └ <function Thread.run at 0x1029c1300>
    └ <Thread(Thread-1 (process_request_thread), started daemon 6151925760)>

  File "/opt/homebrew/Cellar/python@3.11/3.11.7_1/Frameworks/Python.framework/Versions/3.11/lib/python3.11/threading.py", line 982, in run
    self._target(*self._args, **self._kwargs)
    │    │        │    │        │    └ {}
    │    │        │    │        └ <Thread(Thread-1 (process_request_thread), started daemon 6151925760)>
    │    │        │    └ (<socket.socket fd=5, family=2, type=1, proto=0, laddr=('127.0.0.1', 3000), raddr=('127.0.0.1', 57952)>, ('127.0.0.1', 57952))
    │    │        └ <Thread(Thread-1 (process_request_thread), started daemon 6151925760)>
    │    └ <bound method ThreadingMixIn.process_request_thread of <werkzeug.serving.ThreadedWSGIServer object at 0x104d0c150>>
    └ <Thread(Thread-1 (process_request_thread), started daemon 6151925760)>

  File "/opt/homebrew/Cellar/python@3.11/3.11.7_1/Frameworks/Python.framework/Versions/3.11/lib/python3.11/socketserver.py", line 691, in process_request_thread
    self.finish_request(request, client_address)
    │    │              │        └ ('127.0.0.1', 57952)
    │    │              └ <socket.socket fd=5, family=2, type=1, proto=0, laddr=('127.0.0.1', 3000), raddr=('127.0.0.1', 57952)>
    │    └ <function BaseServer.finish_request at 0x1029c3380>
    └ <werkzeug.serving.ThreadedWSGIServer object at 0x104d0c150>

  File "/opt/homebrew/Cellar/python@3.11/3.11.7_1/Frameworks/Python.framework/Versions/3.11/lib/python3.11/socketserver.py", line 361, in finish_request
    self.RequestHandlerClass(request, client_address, self)
    │    │                   │        │               └ <werkzeug.serving.ThreadedWSGIServer object at 0x104d0c150>
    │    │                   │        └ ('127.0.0.1', 57952)
    │    │                   └ <socket.socket fd=5, family=2, type=1, proto=0, laddr=('127.0.0.1', 3000), raddr=('127.0.0.1', 57952)>
    │    └ <class 'werkzeug.serving.WSGIRequestHandler'>
    └ <werkzeug.serving.ThreadedWSGIServer object at 0x104d0c150>

  File "/opt/homebrew/Cellar/python@3.11/3.11.7_1/Frameworks/Python.framework/Versions/3.11/lib/python3.11/socketserver.py", line 755, in __init__
    self.handle()
    │    └ <function WSGIRequestHandler.handle at 0x103691b20>
    └ <werkzeug.serving.WSGIRequestHandler object at 0x104564150>

  File "/Users/leo/Library/Caches/pypoetry/virtualenvs/n-vibe-cluster-api-gwUBDISc-py3.11/lib/python3.11/site-packages/werkzeug/serving.py", line 390, in handle
    super().handle()

  File "/opt/homebrew/Cellar/python@3.11/3.11.7_1/Frameworks/Python.framework/Versions/3.11/lib/python3.11/http/server.py", line 436, in handle
    self.handle_one_request()
    │    └ <function BaseHTTPRequestHandler.handle_one_request at 0x103516f20>
    └ <werkzeug.serving.WSGIRequestHandler object at 0x104564150>

  File "/opt/homebrew/Cellar/python@3.11/3.11.7_1/Frameworks/Python.framework/Versions/3.11/lib/python3.11/http/server.py", line 424, in handle_one_request
    method()
    └ <bound method WSGIRequestHandler.run_wsgi of <werkzeug.serving.WSGIRequestHandler object at 0x104564150>>

  File "/Users/leo/Library/Caches/pypoetry/virtualenvs/n-vibe-cluster-api-gwUBDISc-py3.11/lib/python3.11/site-packages/werkzeug/serving.py", line 362, in run_wsgi
    execute(self.server.app)
    │       │    │      └ <Flask 'main'>
    │       │    └ <werkzeug.serving.ThreadedWSGIServer object at 0x104d0c150>
    │       └ <werkzeug.serving.WSGIRequestHandler object at 0x104564150>
    └ <function WSGIRequestHandler.run_wsgi.<locals>.execute at 0x105ad8ae0>
  File "/Users/leo/Library/Caches/pypoetry/virtualenvs/n-vibe-cluster-api-gwUBDISc-py3.11/lib/python3.11/site-packages/werkzeug/serving.py", line 323, in execute
    application_iter = app(environ, start_response)
                       │   │        └ <function WSGIRequestHandler.run_wsgi.<locals>.start_response at 0x105ad8a40>
                       │   └ {'wsgi.version': (1, 0), 'wsgi.url_scheme': 'http', 'wsgi.input': <_io.BufferedReader name=5>, 'wsgi.errors': <_io.TextIOWrap...
                       └ <Flask 'main'>
  File "/Users/leo/Library/Caches/pypoetry/virtualenvs/n-vibe-cluster-api-gwUBDISc-py3.11/lib/python3.11/site-packages/flask/app.py", line 1488, in __call__
    return self.wsgi_app(environ, start_response)
           │    │        │        └ <function WSGIRequestHandler.run_wsgi.<locals>.start_response at 0x105ad8a40>
           │    │        └ {'wsgi.version': (1, 0), 'wsgi.url_scheme': 'http', 'wsgi.input': <_io.BufferedReader name=5>, 'wsgi.errors': <_io.TextIOWrap...
           │    └ <function Flask.wsgi_app at 0x104201580>
           └ <Flask 'main'>
> File "/Users/leo/Library/Caches/pypoetry/virtualenvs/n-vibe-cluster-api-gwUBDISc-py3.11/lib/python3.11/site-packages/flask/app.py", line 1463, in wsgi_app
    response = self.full_dispatch_request()
               │    └ <function Flask.full_dispatch_request at 0x104200cc0>
               └ <Flask 'main'>
  File "/Users/leo/Library/Caches/pypoetry/virtualenvs/n-vibe-cluster-api-gwUBDISc-py3.11/lib/python3.11/site-packages/flask/app.py", line 873, in full_dispatch_request
    return self.finalize_request(rv)
           │    │                └ (RSSISignals(signal=[-10.0, -9.0, -8.0, -5.0, -4.0, -2.0, -1.0, -3.0, -7.0, -6.0]), '{"floor":0,"cluster":2,"position":[46.54...
           │    └ <function Flask.finalize_request at 0x104200d60>
           └ <Flask 'main'>
  File "/Users/leo/Library/Caches/pypoetry/virtualenvs/n-vibe-cluster-api-gwUBDISc-py3.11/lib/python3.11/site-packages/flask/app.py", line 892, in finalize_request
    response = self.make_response(rv)
               │    │             └ (RSSISignals(signal=[-10.0, -9.0, -8.0, -5.0, -4.0, -2.0, -1.0, -3.0, -7.0, -6.0]), '{"floor":0,"cluster":2,"position":[46.54...
               │    └ <function Flask.make_response at 0x104201080>
               └ <Flask 'main'>
  File "/Users/leo/Library/Caches/pypoetry/virtualenvs/n-vibe-cluster-api-gwUBDISc-py3.11/lib/python3.11/site-packages/flask/app.py", line 1201, in make_response
    raise TypeError(

TypeError: The view function did not return a valid response. The return type must be a string, dict, list, tuple with headers or status, Response instance, or WSGI callable, but it was a RSSISignals.
2024-02-15 14:28:41.555 | INFO     | app.routes.biped:log_response_info:43 - Response: 500 - <!doctype html>
<html lang=en>
<title>500 Internal Server Error</title>
<h1>Internal Server Error</h1>
<p>The server encountered an internal error and was unable to complete your request. Either the server is overloaded or there is an error in the application.</p>

2024-02-15 14:28:45.603 | INFO     | app.routes.biped:log_request_info:36 - Request: POST http://127.0.0.1:3000/api/biped_hq - 127.0.0.1 - Input data: {'tab': [[-1, -2, -3, -4, -5, -6, -7, -8, -9, -10], [-1, -2, -3, -4, -5, -6, -7, -8, -9, -10], [-1, -2, -3, -4, -5, -6, -7, -8, -9, -10]]}
2024-02-15 14:28:45.606 | Level 40 | flask.app:log_exception:828 - Exception on /api/biped_hq [POST]
Traceback (most recent call last):

  File "/opt/homebrew/Cellar/python@3.11/3.11.7_1/Frameworks/Python.framework/Versions/3.11/lib/python3.11/threading.py", line 1002, in _bootstrap
    self._bootstrap_inner()
    │    └ <function Thread._bootstrap_inner at 0x1029c1620>
    └ <Thread(Thread-2 (process_request_thread), started daemon 6151925760)>

  File "/opt/homebrew/Cellar/python@3.11/3.11.7_1/Frameworks/Python.framework/Versions/3.11/lib/python3.11/threading.py", line 1045, in _bootstrap_inner
    self.run()
    │    └ <function Thread.run at 0x1029c1300>
    └ <Thread(Thread-2 (process_request_thread), started daemon 6151925760)>

  File "/opt/homebrew/Cellar/python@3.11/3.11.7_1/Frameworks/Python.framework/Versions/3.11/lib/python3.11/threading.py", line 982, in run
    self._target(*self._args, **self._kwargs)
    │    │        │    │        │    └ {}
    │    │        │    │        └ <Thread(Thread-2 (process_request_thread), started daemon 6151925760)>
    │    │        │    └ (<socket.socket fd=5, family=2, type=1, proto=0, laddr=('127.0.0.1', 3000), raddr=('127.0.0.1', 57954)>, ('127.0.0.1', 57954))
    │    │        └ <Thread(Thread-2 (process_request_thread), started daemon 6151925760)>
    │    └ <bound method ThreadingMixIn.process_request_thread of <werkzeug.serving.ThreadedWSGIServer object at 0x104d0c150>>
    └ <Thread(Thread-2 (process_request_thread), started daemon 6151925760)>

  File "/opt/homebrew/Cellar/python@3.11/3.11.7_1/Frameworks/Python.framework/Versions/3.11/lib/python3.11/socketserver.py", line 691, in process_request_thread
    self.finish_request(request, client_address)
    │    │              │        └ ('127.0.0.1', 57954)
    │    │              └ <socket.socket fd=5, family=2, type=1, proto=0, laddr=('127.0.0.1', 3000), raddr=('127.0.0.1', 57954)>
    │    └ <function BaseServer.finish_request at 0x1029c3380>
    └ <werkzeug.serving.ThreadedWSGIServer object at 0x104d0c150>

  File "/opt/homebrew/Cellar/python@3.11/3.11.7_1/Frameworks/Python.framework/Versions/3.11/lib/python3.11/socketserver.py", line 361, in finish_request
    self.RequestHandlerClass(request, client_address, self)
    │    │                   │        │               └ <werkzeug.serving.ThreadedWSGIServer object at 0x104d0c150>
    │    │                   │        └ ('127.0.0.1', 57954)
    │    │                   └ <socket.socket fd=5, family=2, type=1, proto=0, laddr=('127.0.0.1', 3000), raddr=('127.0.0.1', 57954)>
    │    └ <class 'werkzeug.serving.WSGIRequestHandler'>
    └ <werkzeug.serving.ThreadedWSGIServer object at 0x104d0c150>

  File "/opt/homebrew/Cellar/python@3.11/3.11.7_1/Frameworks/Python.framework/Versions/3.11/lib/python3.11/socketserver.py", line 755, in __init__
    self.handle()
    │    └ <function WSGIRequestHandler.handle at 0x103691b20>
    └ <werkzeug.serving.WSGIRequestHandler object at 0x137f53710>

  File "/Users/leo/Library/Caches/pypoetry/virtualenvs/n-vibe-cluster-api-gwUBDISc-py3.11/lib/python3.11/site-packages/werkzeug/serving.py", line 390, in handle
    super().handle()

  File "/opt/homebrew/Cellar/python@3.11/3.11.7_1/Frameworks/Python.framework/Versions/3.11/lib/python3.11/http/server.py", line 436, in handle
    self.handle_one_request()
    │    └ <function BaseHTTPRequestHandler.handle_one_request at 0x103516f20>
    └ <werkzeug.serving.WSGIRequestHandler object at 0x137f53710>

  File "/opt/homebrew/Cellar/python@3.11/3.11.7_1/Frameworks/Python.framework/Versions/3.11/lib/python3.11/http/server.py", line 424, in handle_one_request
    method()
    └ <bound method WSGIRequestHandler.run_wsgi of <werkzeug.serving.WSGIRequestHandler object at 0x137f53710>>

  File "/Users/leo/Library/Caches/pypoetry/virtualenvs/n-vibe-cluster-api-gwUBDISc-py3.11/lib/python3.11/site-packages/werkzeug/serving.py", line 362, in run_wsgi
    execute(self.server.app)
    │       │    │      └ <Flask 'main'>
    │       │    └ <werkzeug.serving.ThreadedWSGIServer object at 0x104d0c150>
    │       └ <werkzeug.serving.WSGIRequestHandler object at 0x137f53710>
    └ <function WSGIRequestHandler.run_wsgi.<locals>.execute at 0x1424eff60>
  File "/Users/leo/Library/Caches/pypoetry/virtualenvs/n-vibe-cluster-api-gwUBDISc-py3.11/lib/python3.11/site-packages/werkzeug/serving.py", line 323, in execute
    application_iter = app(environ, start_response)
                       │   │        └ <function WSGIRequestHandler.run_wsgi.<locals>.start_response at 0x1424efe20>
                       │   └ {'wsgi.version': (1, 0), 'wsgi.url_scheme': 'http', 'wsgi.input': <_io.BufferedReader name=5>, 'wsgi.errors': <_io.TextIOWrap...
                       └ <Flask 'main'>
  File "/Users/leo/Library/Caches/pypoetry/virtualenvs/n-vibe-cluster-api-gwUBDISc-py3.11/lib/python3.11/site-packages/flask/app.py", line 1488, in __call__
    return self.wsgi_app(environ, start_response)
           │    │        │        └ <function WSGIRequestHandler.run_wsgi.<locals>.start_response at 0x1424efe20>
           │    │        └ {'wsgi.version': (1, 0), 'wsgi.url_scheme': 'http', 'wsgi.input': <_io.BufferedReader name=5>, 'wsgi.errors': <_io.TextIOWrap...
           │    └ <function Flask.wsgi_app at 0x104201580>
           └ <Flask 'main'>
> File "/Users/leo/Library/Caches/pypoetry/virtualenvs/n-vibe-cluster-api-gwUBDISc-py3.11/lib/python3.11/site-packages/flask/app.py", line 1463, in wsgi_app
    response = self.full_dispatch_request()
               │    └ <function Flask.full_dispatch_request at 0x104200cc0>
               └ <Flask 'main'>
  File "/Users/leo/Library/Caches/pypoetry/virtualenvs/n-vibe-cluster-api-gwUBDISc-py3.11/lib/python3.11/site-packages/flask/app.py", line 873, in full_dispatch_request
    return self.finalize_request(rv)
           │    │                └ (RSSISignals(signal=[-10.0, -9.0, -8.0, -5.0, -4.0, -2.0, -1.0, -3.0, -7.0, -6.0]), '{"floor":0,"cluster":2,"position":[46.54...
           │    └ <function Flask.finalize_request at 0x104200d60>
           └ <Flask 'main'>
  File "/Users/leo/Library/Caches/pypoetry/virtualenvs/n-vibe-cluster-api-gwUBDISc-py3.11/lib/python3.11/site-packages/flask/app.py", line 892, in finalize_request
    response = self.make_response(rv)
               │    │             └ (RSSISignals(signal=[-10.0, -9.0, -8.0, -5.0, -4.0, -2.0, -1.0, -3.0, -7.0, -6.0]), '{"floor":0,"cluster":2,"position":[46.54...
               │    └ <function Flask.make_response at 0x104201080>
               └ <Flask 'main'>
  File "/Users/leo/Library/Caches/pypoetry/virtualenvs/n-vibe-cluster-api-gwUBDISc-py3.11/lib/python3.11/site-packages/flask/app.py", line 1201, in make_response
    raise TypeError(

TypeError: The view function did not return a valid response. The return type must be a string, dict, list, tuple with headers or status, Response instance, or WSGI callable, but it was a RSSISignals.
2024-02-15 14:28:45.608 | INFO     | app.routes.biped:log_response_info:43 - Response: 500 - <!doctype html>
<html lang=en>
<title>500 Internal Server Error</title>
<h1>Internal Server Error</h1>
<p>The server encountered an internal error and was unable to complete your request. Either the server is overloaded or there is an error in the application.</p>

2024-02-15 14:28:46.574 | INFO     | app.routes.biped:log_request_info:36 - Request: POST http://127.0.0.1:3000/api/biped_hq - 127.0.0.1 - Input data: {'tab': [[-1, -2, -3, -4, -5, -6, -7, -8, -9, -10], [-1, -2, -3, -4, -5, -6, -7, -8, -9, -10], [-1, -2, -3, -4, -5, -6, -7, -8, -9, -10]]}
2024-02-15 14:28:46.576 | Level 40 | flask.app:log_exception:828 - Exception on /api/biped_hq [POST]
Traceback (most recent call last):

  File "/opt/homebrew/Cellar/python@3.11/3.11.7_1/Frameworks/Python.framework/Versions/3.11/lib/python3.11/threading.py", line 1002, in _bootstrap
    self._bootstrap_inner()
    │    └ <function Thread._bootstrap_inner at 0x1029c1620>
    └ <Thread(Thread-3 (process_request_thread), started daemon 6151925760)>

  File "/opt/homebrew/Cellar/python@3.11/3.11.7_1/Frameworks/Python.framework/Versions/3.11/lib/python3.11/threading.py", line 1045, in _bootstrap_inner
    self.run()
    │    └ <function Thread.run at 0x1029c1300>
    └ <Thread(Thread-3 (process_request_thread), started daemon 6151925760)>

  File "/opt/homebrew/Cellar/python@3.11/3.11.7_1/Frameworks/Python.framework/Versions/3.11/lib/python3.11/threading.py", line 982, in run
    self._target(*self._args, **self._kwargs)
    │    │        │    │        │    └ {}
    │    │        │    │        └ <Thread(Thread-3 (process_request_thread), started daemon 6151925760)>
    │    │        │    └ (<socket.socket fd=5, family=2, type=1, proto=0, laddr=('127.0.0.1', 3000), raddr=('127.0.0.1', 57957)>, ('127.0.0.1', 57957))
    │    │        └ <Thread(Thread-3 (process_request_thread), started daemon 6151925760)>
    │    └ <bound method ThreadingMixIn.process_request_thread of <werkzeug.serving.ThreadedWSGIServer object at 0x104d0c150>>
    └ <Thread(Thread-3 (process_request_thread), started daemon 6151925760)>

  File "/opt/homebrew/Cellar/python@3.11/3.11.7_1/Frameworks/Python.framework/Versions/3.11/lib/python3.11/socketserver.py", line 691, in process_request_thread
    self.finish_request(request, client_address)
    │    │              │        └ ('127.0.0.1', 57957)
    │    │              └ <socket.socket fd=5, family=2, type=1, proto=0, laddr=('127.0.0.1', 3000), raddr=('127.0.0.1', 57957)>
    │    └ <function BaseServer.finish_request at 0x1029c3380>
    └ <werkzeug.serving.ThreadedWSGIServer object at 0x104d0c150>

  File "/opt/homebrew/Cellar/python@3.11/3.11.7_1/Frameworks/Python.framework/Versions/3.11/lib/python3.11/socketserver.py", line 361, in finish_request
    self.RequestHandlerClass(request, client_address, self)
    │    │                   │        │               └ <werkzeug.serving.ThreadedWSGIServer object at 0x104d0c150>
    │    │                   │        └ ('127.0.0.1', 57957)
    │    │                   └ <socket.socket fd=5, family=2, type=1, proto=0, laddr=('127.0.0.1', 3000), raddr=('127.0.0.1', 57957)>
    │    └ <class 'werkzeug.serving.WSGIRequestHandler'>
    └ <werkzeug.serving.ThreadedWSGIServer object at 0x104d0c150>

  File "/opt/homebrew/Cellar/python@3.11/3.11.7_1/Frameworks/Python.framework/Versions/3.11/lib/python3.11/socketserver.py", line 755, in __init__
    self.handle()
    │    └ <function WSGIRequestHandler.handle at 0x103691b20>
    └ <werkzeug.serving.WSGIRequestHandler object at 0x1425cf450>

  File "/Users/leo/Library/Caches/pypoetry/virtualenvs/n-vibe-cluster-api-gwUBDISc-py3.11/lib/python3.11/site-packages/werkzeug/serving.py", line 390, in handle
    super().handle()

  File "/opt/homebrew/Cellar/python@3.11/3.11.7_1/Frameworks/Python.framework/Versions/3.11/lib/python3.11/http/server.py", line 436, in handle
    self.handle_one_request()
    │    └ <function BaseHTTPRequestHandler.handle_one_request at 0x103516f20>
    └ <werkzeug.serving.WSGIRequestHandler object at 0x1425cf450>

  File "/opt/homebrew/Cellar/python@3.11/3.11.7_1/Frameworks/Python.framework/Versions/3.11/lib/python3.11/http/server.py", line 424, in handle_one_request
    method()
    └ <bound method WSGIRequestHandler.run_wsgi of <werkzeug.serving.WSGIRequestHandler object at 0x1425cf450>>

  File "/Users/leo/Library/Caches/pypoetry/virtualenvs/n-vibe-cluster-api-gwUBDISc-py3.11/lib/python3.11/site-packages/werkzeug/serving.py", line 362, in run_wsgi
    execute(self.server.app)
    │       │    │      └ <Flask 'main'>
    │       │    └ <werkzeug.serving.ThreadedWSGIServer object at 0x104d0c150>
    │       └ <werkzeug.serving.WSGIRequestHandler object at 0x1425cf450>
    └ <function WSGIRequestHandler.run_wsgi.<locals>.execute at 0x1425c05e0>
  File "/Users/leo/Library/Caches/pypoetry/virtualenvs/n-vibe-cluster-api-gwUBDISc-py3.11/lib/python3.11/site-packages/werkzeug/serving.py", line 323, in execute
    application_iter = app(environ, start_response)
                       │   │        └ <function WSGIRequestHandler.run_wsgi.<locals>.start_response at 0x1425c0720>
                       │   └ {'wsgi.version': (1, 0), 'wsgi.url_scheme': 'http', 'wsgi.input': <_io.BufferedReader name=5>, 'wsgi.errors': <_io.TextIOWrap...
                       └ <Flask 'main'>
  File "/Users/leo/Library/Caches/pypoetry/virtualenvs/n-vibe-cluster-api-gwUBDISc-py3.11/lib/python3.11/site-packages/flask/app.py", line 1488, in __call__
    return self.wsgi_app(environ, start_response)
           │    │        │        └ <function WSGIRequestHandler.run_wsgi.<locals>.start_response at 0x1425c0720>
           │    │        └ {'wsgi.version': (1, 0), 'wsgi.url_scheme': 'http', 'wsgi.input': <_io.BufferedReader name=5>, 'wsgi.errors': <_io.TextIOWrap...
           │    └ <function Flask.wsgi_app at 0x104201580>
           └ <Flask 'main'>
> File "/Users/leo/Library/Caches/pypoetry/virtualenvs/n-vibe-cluster-api-gwUBDISc-py3.11/lib/python3.11/site-packages/flask/app.py", line 1463, in wsgi_app
    response = self.full_dispatch_request()
               │    └ <function Flask.full_dispatch_request at 0x104200cc0>
               └ <Flask 'main'>
  File "/Users/leo/Library/Caches/pypoetry/virtualenvs/n-vibe-cluster-api-gwUBDISc-py3.11/lib/python3.11/site-packages/flask/app.py", line 873, in full_dispatch_request
    return self.finalize_request(rv)
           │    │                └ (RSSISignals(signal=[-10.0, -9.0, -8.0, -5.0, -4.0, -2.0, -1.0, -3.0, -7.0, -6.0]), '{"floor":0,"cluster":2,"position":[46.54...
           │    └ <function Flask.finalize_request at 0x104200d60>
           └ <Flask 'main'>
  File "/Users/leo/Library/Caches/pypoetry/virtualenvs/n-vibe-cluster-api-gwUBDISc-py3.11/lib/python3.11/site-packages/flask/app.py", line 892, in finalize_request
    response = self.make_response(rv)
               │    │             └ (RSSISignals(signal=[-10.0, -9.0, -8.0, -5.0, -4.0, -2.0, -1.0, -3.0, -7.0, -6.0]), '{"floor":0,"cluster":2,"position":[46.54...
               │    └ <function Flask.make_response at 0x104201080>
               └ <Flask 'main'>
  File "/Users/leo/Library/Caches/pypoetry/virtualenvs/n-vibe-cluster-api-gwUBDISc-py3.11/lib/python3.11/site-packages/flask/app.py", line 1201, in make_response
    raise TypeError(

TypeError: The view function did not return a valid response. The return type must be a string, dict, list, tuple with headers or status, Response instance, or WSGI callable, but it was a RSSISignals.
2024-02-15 14:28:46.577 | INFO     | app.routes.biped:log_response_info:43 - Response: 500 - <!doctype html>
<html lang=en>
<title>500 Internal Server Error</title>
<h1>Internal Server Error</h1>
<p>The server encountered an internal error and was unable to complete your request. Either the server is overloaded or there is an error in the application.</p>

2024-02-15 14:28:52.597 | INFO     | app.routes.biped:log_request_info:36 - Request: POST http://127.0.0.1:3000/api/biped_hq - 127.0.0.1 - Input data: {'tab': [[-1, -2, -3, -4, -5, -6, -7, -8, -9, -10], [-1, -2, -3, -4, -5, -6, -7, -8, -9, -10], [-1, -2, -3, -4, -5, -6, -7, -8, -9, -10]]}
2024-02-15 14:28:52.599 | Level 40 | flask.app:log_exception:828 - Exception on /api/biped_hq [POST]
Traceback (most recent call last):

  File "/opt/homebrew/Cellar/python@3.11/3.11.7_1/Frameworks/Python.framework/Versions/3.11/lib/python3.11/threading.py", line 1002, in _bootstrap
    self._bootstrap_inner()
    │    └ <function Thread._bootstrap_inner at 0x1029c1620>
    └ <Thread(Thread-4 (process_request_thread), started daemon 6151925760)>

  File "/opt/homebrew/Cellar/python@3.11/3.11.7_1/Frameworks/Python.framework/Versions/3.11/lib/python3.11/threading.py", line 1045, in _bootstrap_inner
    self.run()
    │    └ <function Thread.run at 0x1029c1300>
    └ <Thread(Thread-4 (process_request_thread), started daemon 6151925760)>

  File "/opt/homebrew/Cellar/python@3.11/3.11.7_1/Frameworks/Python.framework/Versions/3.11/lib/python3.11/threading.py", line 982, in run
    self._target(*self._args, **self._kwargs)
    │    │        │    │        │    └ {}
    │    │        │    │        └ <Thread(Thread-4 (process_request_thread), started daemon 6151925760)>
    │    │        │    └ (<socket.socket fd=5, family=2, type=1, proto=0, laddr=('127.0.0.1', 3000), raddr=('127.0.0.1', 57961)>, ('127.0.0.1', 57961))
    │    │        └ <Thread(Thread-4 (process_request_thread), started daemon 6151925760)>
    │    └ <bound method ThreadingMixIn.process_request_thread of <werkzeug.serving.ThreadedWSGIServer object at 0x104d0c150>>
    └ <Thread(Thread-4 (process_request_thread), started daemon 6151925760)>

  File "/opt/homebrew/Cellar/python@3.11/3.11.7_1/Frameworks/Python.framework/Versions/3.11/lib/python3.11/socketserver.py", line 691, in process_request_thread
    self.finish_request(request, client_address)
    │    │              │        └ ('127.0.0.1', 57961)
    │    │              └ <socket.socket fd=5, family=2, type=1, proto=0, laddr=('127.0.0.1', 3000), raddr=('127.0.0.1', 57961)>
    │    └ <function BaseServer.finish_request at 0x1029c3380>
    └ <werkzeug.serving.ThreadedWSGIServer object at 0x104d0c150>

  File "/opt/homebrew/Cellar/python@3.11/3.11.7_1/Frameworks/Python.framework/Versions/3.11/lib/python3.11/socketserver.py", line 361, in finish_request
    self.RequestHandlerClass(request, client_address, self)
    │    │                   │        │               └ <werkzeug.serving.ThreadedWSGIServer object at 0x104d0c150>
    │    │                   │        └ ('127.0.0.1', 57961)
    │    │                   └ <socket.socket fd=5, family=2, type=1, proto=0, laddr=('127.0.0.1', 3000), raddr=('127.0.0.1', 57961)>
    │    └ <class 'werkzeug.serving.WSGIRequestHandler'>
    └ <werkzeug.serving.ThreadedWSGIServer object at 0x104d0c150>

  File "/opt/homebrew/Cellar/python@3.11/3.11.7_1/Frameworks/Python.framework/Versions/3.11/lib/python3.11/socketserver.py", line 755, in __init__
    self.handle()
    │    └ <function WSGIRequestHandler.handle at 0x103691b20>
    └ <werkzeug.serving.WSGIRequestHandler object at 0x1425d2d10>

  File "/Users/leo/Library/Caches/pypoetry/virtualenvs/n-vibe-cluster-api-gwUBDISc-py3.11/lib/python3.11/site-packages/werkzeug/serving.py", line 390, in handle
    super().handle()

  File "/opt/homebrew/Cellar/python@3.11/3.11.7_1/Frameworks/Python.framework/Versions/3.11/lib/python3.11/http/server.py", line 436, in handle
    self.handle_one_request()
    │    └ <function BaseHTTPRequestHandler.handle_one_request at 0x103516f20>
    └ <werkzeug.serving.WSGIRequestHandler object at 0x1425d2d10>

  File "/opt/homebrew/Cellar/python@3.11/3.11.7_1/Frameworks/Python.framework/Versions/3.11/lib/python3.11/http/server.py", line 424, in handle_one_request
    method()
    └ <bound method WSGIRequestHandler.run_wsgi of <werkzeug.serving.WSGIRequestHandler object at 0x1425d2d10>>

  File "/Users/leo/Library/Caches/pypoetry/virtualenvs/n-vibe-cluster-api-gwUBDISc-py3.11/lib/python3.11/site-packages/werkzeug/serving.py", line 362, in run_wsgi
    execute(self.server.app)
    │       │    │      └ <Flask 'main'>
    │       │    └ <werkzeug.serving.ThreadedWSGIServer object at 0x104d0c150>
    │       └ <werkzeug.serving.WSGIRequestHandler object at 0x1425d2d10>
    └ <function WSGIRequestHandler.run_wsgi.<locals>.execute at 0x1425c0d60>
  File "/Users/leo/Library/Caches/pypoetry/virtualenvs/n-vibe-cluster-api-gwUBDISc-py3.11/lib/python3.11/site-packages/werkzeug/serving.py", line 323, in execute
    application_iter = app(environ, start_response)
                       │   │        └ <function WSGIRequestHandler.run_wsgi.<locals>.start_response at 0x1425c0b80>
                       │   └ {'wsgi.version': (1, 0), 'wsgi.url_scheme': 'http', 'wsgi.input': <_io.BufferedReader name=5>, 'wsgi.errors': <_io.TextIOWrap...
                       └ <Flask 'main'>
  File "/Users/leo/Library/Caches/pypoetry/virtualenvs/n-vibe-cluster-api-gwUBDISc-py3.11/lib/python3.11/site-packages/flask/app.py", line 1488, in __call__
    return self.wsgi_app(environ, start_response)
           │    │        │        └ <function WSGIRequestHandler.run_wsgi.<locals>.start_response at 0x1425c0b80>
           │    │        └ {'wsgi.version': (1, 0), 'wsgi.url_scheme': 'http', 'wsgi.input': <_io.BufferedReader name=5>, 'wsgi.errors': <_io.TextIOWrap...
           │    └ <function Flask.wsgi_app at 0x104201580>
           └ <Flask 'main'>
> File "/Users/leo/Library/Caches/pypoetry/virtualenvs/n-vibe-cluster-api-gwUBDISc-py3.11/lib/python3.11/site-packages/flask/app.py", line 1463, in wsgi_app
    response = self.full_dispatch_request()
               │    └ <function Flask.full_dispatch_request at 0x104200cc0>
               └ <Flask 'main'>
  File "/Users/leo/Library/Caches/pypoetry/virtualenvs/n-vibe-cluster-api-gwUBDISc-py3.11/lib/python3.11/site-packages/flask/app.py", line 873, in full_dispatch_request
    return self.finalize_request(rv)
           │    │                └ (RSSISignals(signal=[-10.0, -9.0, -8.0, -5.0, -4.0, -2.0, -1.0, -3.0, -7.0, -6.0]), '{"floor":0,"cluster":2,"position":[46.54...
           │    └ <function Flask.finalize_request at 0x104200d60>
           └ <Flask 'main'>
  File "/Users/leo/Library/Caches/pypoetry/virtualenvs/n-vibe-cluster-api-gwUBDISc-py3.11/lib/python3.11/site-packages/flask/app.py", line 892, in finalize_request
    response = self.make_response(rv)
               │    │             └ (RSSISignals(signal=[-10.0, -9.0, -8.0, -5.0, -4.0, -2.0, -1.0, -3.0, -7.0, -6.0]), '{"floor":0,"cluster":2,"position":[46.54...
               │    └ <function Flask.make_response at 0x104201080>
               └ <Flask 'main'>
  File "/Users/leo/Library/Caches/pypoetry/virtualenvs/n-vibe-cluster-api-gwUBDISc-py3.11/lib/python3.11/site-packages/flask/app.py", line 1201, in make_response
    raise TypeError(

TypeError: The view function did not return a valid response. The return type must be a string, dict, list, tuple with headers or status, Response instance, or WSGI callable, but it was a RSSISignals.
2024-02-15 14:28:52.601 | INFO     | app.routes.biped:log_response_info:43 - Response: 500 - <!doctype html>
<html lang=en>
<title>500 Internal Server Error</title>
<h1>Internal Server Error</h1>
<p>The server encountered an internal error and was unable to complete your request. Either the server is overloaded or there is an error in the application.</p>

2024-02-15 14:29:36.680 | INFO     | app.routes.biped:log_request_info:36 - Request: POST http://127.0.0.1:3000/api/biped_hq - 127.0.0.1 - Input data: {'tab': [[-1, -2, -3, -4, -5, -6, -7, -8, -9, -10], [-1, -2, -3, -4, -5, -6, -7, -8, -9, -10], [-1, -2, -3, -4, -5, -6, -7, -8, -9, -10]]}
2024-02-15 14:29:36.685 | Level 40 | flask.app:log_exception:828 - Exception on /api/biped_hq [POST]
Traceback (most recent call last):

  File "/opt/homebrew/Cellar/python@3.11/3.11.7_1/Frameworks/Python.framework/Versions/3.11/lib/python3.11/threading.py", line 1002, in _bootstrap
    self._bootstrap_inner()
    │    └ <function Thread._bootstrap_inner at 0x1029c1620>
    └ <Thread(Thread-5 (process_request_thread), started daemon 6151925760)>

  File "/opt/homebrew/Cellar/python@3.11/3.11.7_1/Frameworks/Python.framework/Versions/3.11/lib/python3.11/threading.py", line 1045, in _bootstrap_inner
    self.run()
    │    └ <function Thread.run at 0x1029c1300>
    └ <Thread(Thread-5 (process_request_thread), started daemon 6151925760)>

  File "/opt/homebrew/Cellar/python@3.11/3.11.7_1/Frameworks/Python.framework/Versions/3.11/lib/python3.11/threading.py", line 982, in run
    self._target(*self._args, **self._kwargs)
    │    │        │    │        │    └ {}
    │    │        │    │        └ <Thread(Thread-5 (process_request_thread), started daemon 6151925760)>
    │    │        │    └ (<socket.socket fd=5, family=2, type=1, proto=0, laddr=('127.0.0.1', 3000), raddr=('127.0.0.1', 57970)>, ('127.0.0.1', 57970))
    │    │        └ <Thread(Thread-5 (process_request_thread), started daemon 6151925760)>
    │    └ <bound method ThreadingMixIn.process_request_thread of <werkzeug.serving.ThreadedWSGIServer object at 0x104d0c150>>
    └ <Thread(Thread-5 (process_request_thread), started daemon 6151925760)>

  File "/opt/homebrew/Cellar/python@3.11/3.11.7_1/Frameworks/Python.framework/Versions/3.11/lib/python3.11/socketserver.py", line 691, in process_request_thread
    self.finish_request(request, client_address)
    │    │              │        └ ('127.0.0.1', 57970)
    │    │              └ <socket.socket fd=5, family=2, type=1, proto=0, laddr=('127.0.0.1', 3000), raddr=('127.0.0.1', 57970)>
    │    └ <function BaseServer.finish_request at 0x1029c3380>
    └ <werkzeug.serving.ThreadedWSGIServer object at 0x104d0c150>

  File "/opt/homebrew/Cellar/python@3.11/3.11.7_1/Frameworks/Python.framework/Versions/3.11/lib/python3.11/socketserver.py", line 361, in finish_request
    self.RequestHandlerClass(request, client_address, self)
    │    │                   │        │               └ <werkzeug.serving.ThreadedWSGIServer object at 0x104d0c150>
    │    │                   │        └ ('127.0.0.1', 57970)
    │    │                   └ <socket.socket fd=5, family=2, type=1, proto=0, laddr=('127.0.0.1', 3000), raddr=('127.0.0.1', 57970)>
    │    └ <class 'werkzeug.serving.WSGIRequestHandler'>
    └ <werkzeug.serving.ThreadedWSGIServer object at 0x104d0c150>

  File "/opt/homebrew/Cellar/python@3.11/3.11.7_1/Frameworks/Python.framework/Versions/3.11/lib/python3.11/socketserver.py", line 755, in __init__
    self.handle()
    │    └ <function WSGIRequestHandler.handle at 0x103691b20>
    └ <werkzeug.serving.WSGIRequestHandler object at 0x1425cf450>

  File "/Users/leo/Library/Caches/pypoetry/virtualenvs/n-vibe-cluster-api-gwUBDISc-py3.11/lib/python3.11/site-packages/werkzeug/serving.py", line 390, in handle
    super().handle()

  File "/opt/homebrew/Cellar/python@3.11/3.11.7_1/Frameworks/Python.framework/Versions/3.11/lib/python3.11/http/server.py", line 436, in handle
    self.handle_one_request()
    │    └ <function BaseHTTPRequestHandler.handle_one_request at 0x103516f20>
    └ <werkzeug.serving.WSGIRequestHandler object at 0x1425cf450>

  File "/opt/homebrew/Cellar/python@3.11/3.11.7_1/Frameworks/Python.framework/Versions/3.11/lib/python3.11/http/server.py", line 424, in handle_one_request
    method()
    └ <bound method WSGIRequestHandler.run_wsgi of <werkzeug.serving.WSGIRequestHandler object at 0x1425cf450>>

  File "/Users/leo/Library/Caches/pypoetry/virtualenvs/n-vibe-cluster-api-gwUBDISc-py3.11/lib/python3.11/site-packages/werkzeug/serving.py", line 362, in run_wsgi
    execute(self.server.app)
    │       │    │      └ <Flask 'main'>
    │       │    └ <werkzeug.serving.ThreadedWSGIServer object at 0x104d0c150>
    │       └ <werkzeug.serving.WSGIRequestHandler object at 0x1425cf450>
    └ <function WSGIRequestHandler.run_wsgi.<locals>.execute at 0x1425c1120>
  File "/Users/leo/Library/Caches/pypoetry/virtualenvs/n-vibe-cluster-api-gwUBDISc-py3.11/lib/python3.11/site-packages/werkzeug/serving.py", line 323, in execute
    application_iter = app(environ, start_response)
                       │   │        └ <function WSGIRequestHandler.run_wsgi.<locals>.start_response at 0x1424efe20>
                       │   └ {'wsgi.version': (1, 0), 'wsgi.url_scheme': 'http', 'wsgi.input': <_io.BufferedReader name=5>, 'wsgi.errors': <_io.TextIOWrap...
                       └ <Flask 'main'>
  File "/Users/leo/Library/Caches/pypoetry/virtualenvs/n-vibe-cluster-api-gwUBDISc-py3.11/lib/python3.11/site-packages/flask/app.py", line 1488, in __call__
    return self.wsgi_app(environ, start_response)
           │    │        │        └ <function WSGIRequestHandler.run_wsgi.<locals>.start_response at 0x1424efe20>
           │    │        └ {'wsgi.version': (1, 0), 'wsgi.url_scheme': 'http', 'wsgi.input': <_io.BufferedReader name=5>, 'wsgi.errors': <_io.TextIOWrap...
           │    └ <function Flask.wsgi_app at 0x104201580>
           └ <Flask 'main'>
> File "/Users/leo/Library/Caches/pypoetry/virtualenvs/n-vibe-cluster-api-gwUBDISc-py3.11/lib/python3.11/site-packages/flask/app.py", line 1463, in wsgi_app
    response = self.full_dispatch_request()
               │    └ <function Flask.full_dispatch_request at 0x104200cc0>
               └ <Flask 'main'>
  File "/Users/leo/Library/Caches/pypoetry/virtualenvs/n-vibe-cluster-api-gwUBDISc-py3.11/lib/python3.11/site-packages/flask/app.py", line 873, in full_dispatch_request
    return self.finalize_request(rv)
           │    │                └ (RSSISignals(signal=[-10.0, -9.0, -8.0, -5.0, -4.0, -2.0, -1.0, -3.0, -7.0, -6.0]), '{"floor":0,"cluster":2,"position":[46.54...
           │    └ <function Flask.finalize_request at 0x104200d60>
           └ <Flask 'main'>
  File "/Users/leo/Library/Caches/pypoetry/virtualenvs/n-vibe-cluster-api-gwUBDISc-py3.11/lib/python3.11/site-packages/flask/app.py", line 892, in finalize_request
    response = self.make_response(rv)
               │    │             └ (RSSISignals(signal=[-10.0, -9.0, -8.0, -5.0, -4.0, -2.0, -1.0, -3.0, -7.0, -6.0]), '{"floor":0,"cluster":2,"position":[46.54...
               │    └ <function Flask.make_response at 0x104201080>
               └ <Flask 'main'>
  File "/Users/leo/Library/Caches/pypoetry/virtualenvs/n-vibe-cluster-api-gwUBDISc-py3.11/lib/python3.11/site-packages/flask/app.py", line 1201, in make_response
    raise TypeError(

TypeError: The view function did not return a valid response. The return type must be a string, dict, list, tuple with headers or status, Response instance, or WSGI callable, but it was a RSSISignals.
2024-02-15 14:29:36.687 | INFO     | app.routes.biped:log_response_info:43 - Response: 500 - <!doctype html>
<html lang=en>
<title>500 Internal Server Error</title>
<h1>Internal Server Error</h1>
<p>The server encountered an internal error and was unable to complete your request. Either the server is overloaded or there is an error in the application.</p>

2024-02-15 14:29:37.887 | INFO     | app.routes.biped:log_request_info:36 - Request: POST http://127.0.0.1:3000/api/biped_hq - 127.0.0.1 - Input data: {'tab': [[-1, -2, -3, -4, -5, -6, -7, -8, -9, -10], [-1, -2, -3, -4, -5, -6, -7, -8, -9, -10], [-1, -2, -3, -4, -5, -6, -7, -8, -9, -10]]}
2024-02-15 14:29:37.889 | Level 40 | flask.app:log_exception:828 - Exception on /api/biped_hq [POST]
Traceback (most recent call last):

  File "/opt/homebrew/Cellar/python@3.11/3.11.7_1/Frameworks/Python.framework/Versions/3.11/lib/python3.11/threading.py", line 1002, in _bootstrap
    self._bootstrap_inner()
    │    └ <function Thread._bootstrap_inner at 0x1029c1620>
    └ <Thread(Thread-6 (process_request_thread), started daemon 6151925760)>

  File "/opt/homebrew/Cellar/python@3.11/3.11.7_1/Frameworks/Python.framework/Versions/3.11/lib/python3.11/threading.py", line 1045, in _bootstrap_inner
    self.run()
    │    └ <function Thread.run at 0x1029c1300>
    └ <Thread(Thread-6 (process_request_thread), started daemon 6151925760)>

  File "/opt/homebrew/Cellar/python@3.11/3.11.7_1/Frameworks/Python.framework/Versions/3.11/lib/python3.11/threading.py", line 982, in run
    self._target(*self._args, **self._kwargs)
    │    │        │    │        │    └ {}
    │    │        │    │        └ <Thread(Thread-6 (process_request_thread), started daemon 6151925760)>
    │    │        │    └ (<socket.socket fd=5, family=2, type=1, proto=0, laddr=('127.0.0.1', 3000), raddr=('127.0.0.1', 57972)>, ('127.0.0.1', 57972))
    │    │        └ <Thread(Thread-6 (process_request_thread), started daemon 6151925760)>
    │    └ <bound method ThreadingMixIn.process_request_thread of <werkzeug.serving.ThreadedWSGIServer object at 0x104d0c150>>
    └ <Thread(Thread-6 (process_request_thread), started daemon 6151925760)>

  File "/opt/homebrew/Cellar/python@3.11/3.11.7_1/Frameworks/Python.framework/Versions/3.11/lib/python3.11/socketserver.py", line 691, in process_request_thread
    self.finish_request(request, client_address)
    │    │              │        └ ('127.0.0.1', 57972)
    │    │              └ <socket.socket fd=5, family=2, type=1, proto=0, laddr=('127.0.0.1', 3000), raddr=('127.0.0.1', 57972)>
    │    └ <function BaseServer.finish_request at 0x1029c3380>
    └ <werkzeug.serving.ThreadedWSGIServer object at 0x104d0c150>

  File "/opt/homebrew/Cellar/python@3.11/3.11.7_1/Frameworks/Python.framework/Versions/3.11/lib/python3.11/socketserver.py", line 361, in finish_request
    self.RequestHandlerClass(request, client_address, self)
    │    │                   │        │               └ <werkzeug.serving.ThreadedWSGIServer object at 0x104d0c150>
    │    │                   │        └ ('127.0.0.1', 57972)
    │    │                   └ <socket.socket fd=5, family=2, type=1, proto=0, laddr=('127.0.0.1', 3000), raddr=('127.0.0.1', 57972)>
    │    └ <class 'werkzeug.serving.WSGIRequestHandler'>
    └ <werkzeug.serving.ThreadedWSGIServer object at 0x104d0c150>

  File "/opt/homebrew/Cellar/python@3.11/3.11.7_1/Frameworks/Python.framework/Versions/3.11/lib/python3.11/socketserver.py", line 755, in __init__
    self.handle()
    │    └ <function WSGIRequestHandler.handle at 0x103691b20>
    └ <werkzeug.serving.WSGIRequestHandler object at 0x1425d1610>

  File "/Users/leo/Library/Caches/pypoetry/virtualenvs/n-vibe-cluster-api-gwUBDISc-py3.11/lib/python3.11/site-packages/werkzeug/serving.py", line 390, in handle
    super().handle()

  File "/opt/homebrew/Cellar/python@3.11/3.11.7_1/Frameworks/Python.framework/Versions/3.11/lib/python3.11/http/server.py", line 436, in handle
    self.handle_one_request()
    │    └ <function BaseHTTPRequestHandler.handle_one_request at 0x103516f20>
    └ <werkzeug.serving.WSGIRequestHandler object at 0x1425d1610>

  File "/opt/homebrew/Cellar/python@3.11/3.11.7_1/Frameworks/Python.framework/Versions/3.11/lib/python3.11/http/server.py", line 424, in handle_one_request
    method()
    └ <bound method WSGIRequestHandler.run_wsgi of <werkzeug.serving.WSGIRequestHandler object at 0x1425d1610>>

  File "/Users/leo/Library/Caches/pypoetry/virtualenvs/n-vibe-cluster-api-gwUBDISc-py3.11/lib/python3.11/site-packages/werkzeug/serving.py", line 362, in run_wsgi
    execute(self.server.app)
    │       │    │      └ <Flask 'main'>
    │       │    └ <werkzeug.serving.ThreadedWSGIServer object at 0x104d0c150>
    │       └ <werkzeug.serving.WSGIRequestHandler object at 0x1425d1610>
    └ <function WSGIRequestHandler.run_wsgi.<locals>.execute at 0x1425c0360>
  File "/Users/leo/Library/Caches/pypoetry/virtualenvs/n-vibe-cluster-api-gwUBDISc-py3.11/lib/python3.11/site-packages/werkzeug/serving.py", line 323, in execute
    application_iter = app(environ, start_response)
                       │   │        └ <function WSGIRequestHandler.run_wsgi.<locals>.start_response at 0x1425c04a0>
                       │   └ {'wsgi.version': (1, 0), 'wsgi.url_scheme': 'http', 'wsgi.input': <_io.BufferedReader name=5>, 'wsgi.errors': <_io.TextIOWrap...
                       └ <Flask 'main'>
  File "/Users/leo/Library/Caches/pypoetry/virtualenvs/n-vibe-cluster-api-gwUBDISc-py3.11/lib/python3.11/site-packages/flask/app.py", line 1488, in __call__
    return self.wsgi_app(environ, start_response)
           │    │        │        └ <function WSGIRequestHandler.run_wsgi.<locals>.start_response at 0x1425c04a0>
           │    │        └ {'wsgi.version': (1, 0), 'wsgi.url_scheme': 'http', 'wsgi.input': <_io.BufferedReader name=5>, 'wsgi.errors': <_io.TextIOWrap...
           │    └ <function Flask.wsgi_app at 0x104201580>
           └ <Flask 'main'>
> File "/Users/leo/Library/Caches/pypoetry/virtualenvs/n-vibe-cluster-api-gwUBDISc-py3.11/lib/python3.11/site-packages/flask/app.py", line 1463, in wsgi_app
    response = self.full_dispatch_request()
               │    └ <function Flask.full_dispatch_request at 0x104200cc0>
               └ <Flask 'main'>
  File "/Users/leo/Library/Caches/pypoetry/virtualenvs/n-vibe-cluster-api-gwUBDISc-py3.11/lib/python3.11/site-packages/flask/app.py", line 873, in full_dispatch_request
    return self.finalize_request(rv)
           │    │                └ (RSSISignals(signal=[-10.0, -9.0, -8.0, -5.0, -4.0, -2.0, -1.0, -3.0, -7.0, -6.0]), '{"floor":0,"cluster":2,"position":[46.54...
           │    └ <function Flask.finalize_request at 0x104200d60>
           └ <Flask 'main'>
  File "/Users/leo/Library/Caches/pypoetry/virtualenvs/n-vibe-cluster-api-gwUBDISc-py3.11/lib/python3.11/site-packages/flask/app.py", line 892, in finalize_request
    response = self.make_response(rv)
               │    │             └ (RSSISignals(signal=[-10.0, -9.0, -8.0, -5.0, -4.0, -2.0, -1.0, -3.0, -7.0, -6.0]), '{"floor":0,"cluster":2,"position":[46.54...
               │    └ <function Flask.make_response at 0x104201080>
               └ <Flask 'main'>
  File "/Users/leo/Library/Caches/pypoetry/virtualenvs/n-vibe-cluster-api-gwUBDISc-py3.11/lib/python3.11/site-packages/flask/app.py", line 1201, in make_response
    raise TypeError(

TypeError: The view function did not return a valid response. The return type must be a string, dict, list, tuple with headers or status, Response instance, or WSGI callable, but it was a RSSISignals.
2024-02-15 14:29:37.891 | INFO     | app.routes.biped:log_response_info:43 - Response: 500 - <!doctype html>
<html lang=en>
<title>500 Internal Server Error</title>
<h1>Internal Server Error</h1>
<p>The server encountered an internal error and was unable to complete your request. Either the server is overloaded or there is an error in the application.</p>

